<?xml version="1.0" encoding="UTF-8"?>
<testsuite name="Scenario: user can not login with incorrect password" tests="4" skipped="0" failures="0" errors="0" timestamp="2017-04-03T12:49:13" hostname="EMANUELA-LENOVO" time="0.002">
  <properties/>
  <testcase name="Given command login is selected" classname="Scenario: user can not login with incorrect password" time="0.0"/>
  <testcase name="When username &quot;pekka&quot; and password &quot;pekka123&quot; are entered" classname="Scenario: user can not login with incorrect password" time="0.0"/>
  <testcase name="Then system will respond with &quot;wrong username or password&quot;" classname="Scenario: user can not login with incorrect password" time="0.0"/>
  <testcase name="classMethod" classname="Scenario: user can not login with incorrect password" time="0.01"/>
  <system-out><![CDATA[
  Scenario: user can login with correct password               ?[90m# ohtu/login.feature:3?[0m
    ?[32mGiven ?[0m?[32mcommand login is selected?[0m                            ?[90m# Stepdefs.command_login_selected()?[0m
    ?[32mWhen ?[0m?[32musername "?[0m?[32m?[1mpekka?[0m?[32m" and password "?[0m?[32m?[1makkep1234?[0m?[32m" are entered?[0m ?[90m# Stepdefs.username_and_password_are_entered(String,String)?[0m
    ?[31mThen ?[0m?[31msystem will respond with "?[0m?[31m?[1mlogged in?[0m?[31m"?[0m                  ?[90m# Stepdefs.system_will_respond_with(String)?[0m
      ?[31mjava.lang.AssertionError
      	at org.junit.Assert.fail(Assert.java:86)
      	at org.junit.Assert.assertTrue(Assert.java:41)
      	at org.junit.Assert.assertTrue(Assert.java:52)
      	at ohtu.Stepdefs.system_will_respond_with(Stepdefs.java:38)
      	at ✽.Then system will respond with "logged in"(ohtu/login.feature:6)
      ?[0m
]]></system-out>
  <system-err><![CDATA[]]></system-err>
</testsuite>
